AppId=4b43b0aee35624cd95b910189b3dc231, AppSecret=fbade9e36a3f36d3d676c1b808451dd7
Using development database!
info: Microsoft.AspNetCore.DataProtection.KeyManagement.XmlKeyManager[0]
      User profile is available. Using 'C:\Users\Anduin\AppData\Local\ASP.NET\DataProtection-Keys' as key repository and Windows DPAPI to encrypt keys at rest.
Hosting environment: Development
Content root path: D:\WorkSpace\Developer
Now listening on: http://localhost:13878
Application started. Press Ctrl+C to shut down.
info: Microsoft.AspNetCore.Hosting.Internal.WebHost[1]
      Request starting HTTP/1.1 GET http://localhost:61134/  
info: Microsoft.AspNetCore.Hosting.Internal.WebHost[1]
      Request starting HTTP/1.1 GET http://localhost:61134/Apps/AllApps  
info: Microsoft.AspNetCore.Mvc.Internal.RedirectResultExecutor[1]
      Executing RedirectResult, redirecting to https://api.aiursoft.com/oauth/authorize?appid=4b43b0aee35624cd95b910189b3dc231&redirect_uri=http%3A%2F%2Flocalhost%3A61134%2FAuth%2FAuthResult&state=%2FApps%2FAllApps&scope=snsapi_base&response_type=code.
info: Microsoft.AspNetCore.Mvc.Internal.RedirectResultExecutor[1]
      Executing RedirectResult, redirecting to https://api.aiursoft.com/oauth/authorize?appid=4b43b0aee35624cd95b910189b3dc231&redirect_uri=http%3A%2F%2Flocalhost%3A61134%2FAuth%2FAuthResult&state=%2F&scope=snsapi_base&response_type=code&tryAutho=True.
info: Microsoft.AspNetCore.Mvc.Internal.ControllerActionInvoker[2]
      Executed action Aiursoft.Developer.Controllers.AppsController.AllApps (Aiursoft.Developer) in 31.9108ms
info: Microsoft.AspNetCore.Mvc.Internal.ControllerActionInvoker[2]
      Executed action Aiursoft.Developer.Controllers.HomeController.Index (Aiursoft.Developer) in 31.9117ms
info: Microsoft.AspNetCore.Hosting.Internal.WebHost[2]
      Request finished in 176.3563ms 302 
info: Microsoft.AspNetCore.Hosting.Internal.WebHost[2]
      Request finished in 197.1363ms 302 
info: Microsoft.AspNetCore.Hosting.Internal.WebHost[1]
      Request starting HTTP/1.1 GET http://localhost:61134/Auth/AuthResult?state=%2F&code=1179033950  
info: Microsoft.AspNetCore.Mvc.Internal.ControllerActionInvoker[1]
      Executing action method Aiursoft.Developer.Controllers.AuthController.AuthResult (Aiursoft.Developer) with arguments (Aiursoft.Pylon.Models.ForApps.AddressModels.AuthResultAddressModel) - ModelState is Valid
info: Microsoft.EntityFrameworkCore.Infrastructure[100403]
      Entity Framework Core 2.0.0-rtm-26452 initialized 'DeveloperDbContext' using provider 'Microsoft.EntityFrameworkCore.SqlServer' with options: None
info: Microsoft.EntityFrameworkCore.Database.Command[200101]
      Executed DbCommand (91ms) [Parameters=[@__get_Item_0='?' (Size = 450)], CommandType='Text', CommandTimeout='30']
      SELECT TOP(1) [e].[Id], [e].[AccessFailedCount], [e].[AccountCreateTime], [e].[ConcurrencyStamp], [e].[Email], [e].[EmailConfirmed], [e].[HeadImgUrl], [e].[LockoutEnabled], [e].[LockoutEnd], [e].[NickName], [e].[NormalizedEmail], [e].[NormalizedUserName], [e].[PasswordHash], [e].[PhoneNumber], [e].[PhoneNumberConfirmed], [e].[PreferedLanguage], [e].[SecurityStamp], [e].[Sex], [e].[TwoFactorEnabled], [e].[UserName]
      FROM [AspNetUsers] AS [e]
      WHERE [e].[Id] = @__get_Item_0
info: Microsoft.EntityFrameworkCore.Database.Command[200101]
      Executed DbCommand (11ms) [Parameters=[@__normalizedUserName_0='?' (Size = 256)], CommandType='Text', CommandTimeout='30']
      SELECT TOP(1) [u].[Id], [u].[AccessFailedCount], [u].[AccountCreateTime], [u].[ConcurrencyStamp], [u].[Email], [u].[EmailConfirmed], [u].[HeadImgUrl], [u].[LockoutEnabled], [u].[LockoutEnd], [u].[NickName], [u].[NormalizedEmail], [u].[NormalizedUserName], [u].[PasswordHash], [u].[PhoneNumber], [u].[PhoneNumberConfirmed], [u].[PreferedLanguage], [u].[SecurityStamp], [u].[Sex], [u].[TwoFactorEnabled], [u].[UserName]
      FROM [AspNetUsers] AS [u]
      WHERE [u].[NormalizedUserName] = @__normalizedUserName_0
info: Microsoft.EntityFrameworkCore.Database.Command[200101]
      Executed DbCommand (12ms) [Parameters=[@p19='?' (Size = 450), @p0='?', @p1='?', @p2='?' (Size = 4000), @p20='?' (Size = 4000), @p3='?' (Size = 256), @p4='?', @p5='?' (Size = 4000), @p6='?', @p7='?', @p8='?' (Size = 4000), @p9='?' (Size = 256), @p10='?' (Size = 256), @p11='?' (Size = 4000), @p12='?' (Size = 4000), @p13='?', @p14='?' (Size = 4000), @p15='?' (Size = 4000), @p16='?' (Size = 4000), @p17='?', @p18='?' (Size = 256)], CommandType='Text', CommandTimeout='30']
      SET NOCOUNT ON;
      UPDATE [AspNetUsers] SET [AccessFailedCount] = @p0, [AccountCreateTime] = @p1, [ConcurrencyStamp] = @p2, [Email] = @p3, [EmailConfirmed] = @p4, [HeadImgUrl] = @p5, [LockoutEnabled] = @p6, [LockoutEnd] = @p7, [NickName] = @p8, [NormalizedEmail] = @p9, [NormalizedUserName] = @p10, [PasswordHash] = @p11, [PhoneNumber] = @p12, [PhoneNumberConfirmed] = @p13, [PreferedLanguage] = @p14, [SecurityStamp] = @p15, [Sex] = @p16, [TwoFactorEnabled] = @p17, [UserName] = @p18
      WHERE [Id] = @p19 AND [ConcurrencyStamp] = @p20;
      SELECT @@ROWCOUNT;
info: Microsoft.EntityFrameworkCore.Database.Command[200101]
      Executed DbCommand (7ms) [Parameters=[@__user_Id_0='?' (Size = 450)], CommandType='Text', CommandTimeout='30']
      SELECT [uc].[Id], [uc].[ClaimType], [uc].[ClaimValue], [uc].[UserId]
      FROM [AspNetUserClaims] AS [uc]
      WHERE [uc].[UserId] = @__user_Id_0
info: Microsoft.EntityFrameworkCore.Database.Command[200101]
      Executed DbCommand (3ms) [Parameters=[@__userId_0='?' (Size = 450)], CommandType='Text', CommandTimeout='30']
      SELECT [role].[Name]
      FROM [AspNetUserRoles] AS [userRole]
      INNER JOIN [AspNetRoles] AS [role] ON [userRole].[RoleId] = [role].[Id]
      WHERE [userRole].[UserId] = @__userId_0
info: Microsoft.AspNetCore.Authentication.Cookies.CookieAuthenticationHandler[10]
      AuthenticationScheme: Identity.Application signed in.
info: Microsoft.AspNetCore.Mvc.Internal.RedirectResultExecutor[1]
      Executing RedirectResult, redirecting to /.
info: Microsoft.AspNetCore.Mvc.Internal.ControllerActionInvoker[2]
      Executed action Aiursoft.Developer.Controllers.AuthController.AuthResult (Aiursoft.Developer) in 2544.3936ms
info: Microsoft.AspNetCore.Hosting.Internal.WebHost[2]
      Request finished in 2577.1967ms 302 
info: Microsoft.AspNetCore.Hosting.Internal.WebHost[1]
      Request starting HTTP/1.1 GET http://localhost:61134/  
info: Microsoft.AspNetCore.Authentication.Cookies.CookieAuthenticationHandler[8]
      AuthenticationScheme: Identity.Application was successfully authenticated.
info: Microsoft.AspNetCore.Mvc.Internal.ControllerActionInvoker[1]
      Executing action method Aiursoft.Developer.Controllers.HomeController.Index (Aiursoft.Developer) with arguments ((null)) - ModelState is Valid
